<?xml version="1.0" encoding="UTF-8"?>
<!-- Generated by org.testng.reporters.JUnitReportReporter -->
<testsuite skipped="0" hostname="DESKTOP-7OGVSBN" name="com.actions.MouseHovering" tests="1" failures="0" timestamp="19 Mar 2019 05:35:48 GMT" time="14.184" errors="0">
  <testcase name="testMouseHovering" time="14.184" classname="com.actions.MouseHovering"/>
</testsuite> <!-- com.actions.MouseHovering -->
