<?xml version="1.0" encoding="UTF-8"?>
<!-- Generated by org.testng.reporters.JUnitReportReporter -->
<testsuite skipped="0" hostname="DESKTOP-7OGVSBN" name="com.testng.NewTest" tests="2" failures="0" timestamp="21 Mar 2019 10:53:25 GMT" time="0.020" errors="0">
  <testcase name="testm2" time="0.016" classname="com.testng.NewTest"/>
  <testcase name="testm1" time="0.004" classname="com.testng.NewTest"/>
</testsuite> <!-- com.testng.NewTest -->
