<?xml version="1.0" encoding="UTF-8"?>
<!-- Generated by org.testng.reporters.JUnitReportReporter -->
<testsuite skipped="0" hostname="DESKTOP-7OGVSBN" name="com.popups.AlertPopup" tests="1" failures="0" timestamp="14 Mar 2019 05:49:18 GMT" time="14.169" errors="0">
  <testcase name="testAlertPopup" time="14.169" classname="com.popups.AlertPopup"/>
</testsuite> <!-- com.popups.AlertPopup -->
