<?xml version="1.0" encoding="UTF-8"?>
<!-- Generated by org.testng.reporters.JUnitReportReporter -->
<testsuite skipped="0" hostname="DESKTOP-7OGVSBN" name="com.actions.Links" tests="1" failures="0" timestamp="21 Mar 2019 09:50:38 GMT" time="23.597" errors="0">
  <testcase name="printLinks" time="23.597" classname="com.actions.Links"/>
</testsuite> <!-- com.actions.Links -->
