<?xml version="1.0" encoding="UTF-8"?>
<!-- Generated by org.testng.reporters.JUnitReportReporter -->
<testsuite skipped="0" hostname="DESKTOP-7OGVSBN" name="com.actions.DragAndDrop" tests="1" failures="0" timestamp="19 Mar 2019 06:13:09 GMT" time="5.835" errors="0">
  <testcase name="testDragAndDrag" time="5.835" classname="com.actions.DragAndDrop"/>
</testsuite> <!-- com.actions.DragAndDrop -->
