<?xml version="1.0" encoding="UTF-8"?>
<!-- Generated by org.testng.reporters.JUnitReportReporter -->
<testsuite skipped="0" hostname="DESKTOP-7OGVSBN" name="com.testng.Invoke" tests="6" failures="0" timestamp="21 Mar 2019 10:55:31 GMT" time="0.040" errors="0">
  <testcase name="m2" time="0.004" classname="com.testng.Invoke"/>
  <testcase name="m1" time="0.010" classname="com.testng.Invoke"/>
  <testcase name="m1" time="0.016" classname="com.testng.Invoke"/>
  <testcase name="m2" time="0.004" classname="com.testng.Invoke"/>
  <testcase name="m2" time="0.003" classname="com.testng.Invoke"/>
  <testcase name="m2" time="0.003" classname="com.testng.Invoke"/>
</testsuite> <!-- com.testng.Invoke -->
