<?xml version="1.0" encoding="UTF-8"?>
<!-- Generated by org.testng.reporters.JUnitReportReporter -->
<testsuite skipped="0" hostname="DESKTOP-7OGVSBN" name="com.actions.MouseHovering1" tests="1" failures="0" timestamp="19 Mar 2019 11:34:36 GMT" time="9.266" errors="0">
  <testcase name="testMouseHovering1" time="9.266" classname="com.actions.MouseHovering1"/>
</testsuite> <!-- com.actions.MouseHovering1 -->
