<?xml version="1.0" encoding="UTF-8"?>
<!-- Generated by org.testng.reporters.JUnitReportReporter -->
<testsuite skipped="0" hostname="DESKTOP-7OGVSBN" name="com.elements.SelectStatement" tests="1" failures="0" timestamp="20 Mar 2019 13:40:30 GMT" time="17.237" errors="0">
  <testcase name="f" time="17.237" classname="com.elements.SelectStatement"/>
</testsuite> <!-- com.elements.SelectStatement -->
