<?xml version="1.0" encoding="UTF-8"?>
<!-- Generated by org.testng.reporters.JUnitReportReporter -->
<testsuite skipped="0" hostname="DESKTOP-7OGVSBN" name="com.screenshot.GetScreenShot" tests="1" failures="0" timestamp="21 Mar 2019 09:20:43 GMT" time="8.270" errors="0">
  <testcase name="GetScreenShot" time="8.270" classname="com.screenshot.GetScreenShot"/>
</testsuite> <!-- com.screenshot.GetScreenShot -->
